<?xml version="1.0" encoding="UTF-8"?>
<!-- Generated by org.testng.reporters.JUnitReportReporter -->
<testsuite hostname="INBook_X1" failures="0" tests="1" name="github.CRUDOperations.CreateRepoTest" time="4.787" errors="0" timestamp="2023-10-24T13:16:31 IST" skipped="0">
  <testcase classname="github.CRUDOperations.CreateRepoTest" name="createRepoTest" time="4.787"/>
  <system-out/>
</testsuite> <!-- github.CRUDOperations.CreateRepoTest -->
