<?xml version="1.0" encoding="UTF-8"?>
<!-- Generated by org.testng.reporters.JUnitReportReporter -->
<testsuite hostname="INBook_X1" failures="0" tests="1" name="github.CRUDOperations.SearchRepoTest" time="4.068" errors="0" timestamp="2023-10-25T14:13:32 IST" skipped="0">
  <testcase classname="github.CRUDOperations.SearchRepoTest" name="searchRepoTest" time="4.068"/>
  <system-out/>
</testsuite> <!-- github.CRUDOperations.SearchRepoTest -->
