<?xml version="1.0" encoding="UTF-8"?>
<!-- Generated by org.testng.reporters.JUnitReportReporter -->
<testsuite hostname="INBook_X1" failures="0" tests="1" name="github.CRUDOperations.GetRepoForOwnerTest" time="5.411" errors="0" timestamp="2023-10-24T14:24:17 IST" skipped="0">
  <testcase classname="github.CRUDOperations.GetRepoForOwnerTest" name="getReposForOwnerTest" time="5.411"/>
  <system-out/>
</testsuite> <!-- github.CRUDOperations.GetRepoForOwnerTest -->
