<?xml version="1.0" encoding="UTF-8"?>
<!-- Generated by org.testng.reporters.JUnitReportReporter -->
<testsuite hostname="INBook_X1" failures="0" tests="1" name="github.CRUDOperations.GetReposForAuthUser" time="4.230" errors="0" timestamp="2023-10-24T14:02:09 IST" skipped="0">
  <testcase classname="github.CRUDOperations.GetReposForAuthUser" name="getReposForAuthUser" time="4.230"/>
  <system-out/>
</testsuite> <!-- github.CRUDOperations.GetReposForAuthUser -->
