<?xml version="1.0" encoding="UTF-8"?>
<!-- Generated by org.testng.reporters.JUnitReportReporter -->
<testsuite hostname="INBook_X1" failures="0" tests="1" name="github.CRUDOperations.DeleteRepoUserTest" time="3.226" errors="0" timestamp="2023-10-25T14:08:22 IST" skipped="0">
  <testcase classname="github.CRUDOperations.DeleteRepoUserTest" name="deleteRepoUserTest" time="3.226"/>
  <system-out/>
</testsuite> <!-- github.CRUDOperations.DeleteRepoUserTest -->
