<?xml version="1.0" encoding="UTF-8"?>
<!-- Generated by org.testng.reporters.JUnitReportReporter -->
<testsuite hostname="INBook_X1" failures="0" tests="1" name="github.CRUDOperations.GetReposForUserTest" time="3.413" errors="0" timestamp="2023-10-24T14:13:37 IST" skipped="0">
  <testcase classname="github.CRUDOperations.GetReposForUserTest" name="getReposForUserTest" time="3.413"/>
  <system-out/>
</testsuite> <!-- github.CRUDOperations.GetReposForUserTest -->
